{"/Users/lesego.rabanye/Documents/capture-app-backend/src/app.ts": {"path":"/Users/lesego.rabanye/Documents/capture-app-backend/src/app.ts","statementMap":{"0":{"start":{"line":9,"column":0},"end":{"line":9,"column":null}},"1":{"start":{"line":11,"column":6},"end":{"line":11,"column":null}},"2":{"start":{"line":15,"column":0},"end":{"line":17,"column":null}},"3":{"start":{"line":16,"column":2},"end":{"line":16,"column":null}},"4":{"start":{"line":19,"column":0},"end":{"line":19,"column":null}},"5":{"start":{"line":20,"column":0},"end":{"line":25,"column":null}},"6":{"start":{"line":27,"column":0},"end":{"line":27,"column":null}},"7":{"start":{"line":29,"column":0},"end":{"line":29,"column":null}},"8":{"start":{"line":30,"column":0},"end":{"line":30,"column":null}}},"fnMap":{},"branchMap":{"0":{"loc":{"start":{"line":15,"column":0},"end":{"line":17,"column":null}},"type":"if","locations":[{"start":{"line":15,"column":0},"end":{"line":17,"column":null}},{"start":{},"end":{}}],"line":15}},"s":{"0":2,"1":2,"2":2,"3":0,"4":2,"5":2,"6":2,"7":2,"8":2},"f":{},"b":{"0":[0,2]},"meta":{"lastBranch":1,"lastFunction":0,"lastStatement":9,"seen":{"s:9:0:9:Infinity":0,"s:11:6:11:Infinity":1,"b:15:0:17:Infinity:undefined:undefined:undefined:undefined":0,"s:15:0:17:Infinity":2,"s:16:2:16:Infinity":3,"s:19:0:19:Infinity":4,"s:20:0:25:Infinity":5,"s:27:0:27:Infinity":6,"s:29:0:29:Infinity":7,"s:30:0:30:Infinity":8}}}
,"/Users/lesego.rabanye/Documents/capture-app-backend/src/__tests__/utils/testHelpers.ts": {"path":"/Users/lesego.rabanye/Documents/capture-app-backend/src/__tests__/utils/testHelpers.ts","statementMap":{"0":{"start":{"line":3,"column":19},"end":{"line":3,"column":null}},"1":{"start":{"line":5,"column":33},"end":{"line":7,"column":null}},"2":{"start":{"line":6,"column":2},"end":{"line":6,"column":null}},"3":{"start":{"line":9,"column":24},"end":{"line":12,"column":null}},"4":{"start":{"line":14,"column":28},"end":{"line":19,"column":null}},"5":{"start":{"line":21,"column":28},"end":{"line":26,"column":null}},"6":{"start":{"line":28,"column":28},"end":{"line":34,"column":null}},"7":{"start":{"line":36,"column":26},"end":{"line":43,"column":null}},"8":{"start":{"line":45,"column":26},"end":{"line":53,"column":null}}},"fnMap":{"0":{"name":"(anonymous_0)","decl":{"start":{"line":5,"column":33},"end":{"line":5,"column":34}},"loc":{"start":{"line":5,"column":77},"end":{"line":7,"column":null}},"line":5}},"branchMap":{"0":{"loc":{"start":{"line":3,"column":19},"end":{"line":3,"column":null}},"type":"binary-expr","locations":[{"start":{"line":3,"column":19},"end":{"line":3,"column":45}},{"start":{"line":3,"column":45},"end":{"line":3,"column":null}}],"line":3}},"s":{"0":2,"1":2,"2":4,"3":2,"4":2,"5":2,"6":2,"7":2,"8":2},"f":{"0":4},"b":{"0":[2,0]},"meta":{"lastBranch":1,"lastFunction":1,"lastStatement":9,"seen":{"s:3:19:3:Infinity":0,"b:3:19:3:45:3:45:3:Infinity":0,"s:5:33:7:Infinity":1,"f:5:33:5:34":0,"s:6:2:6:Infinity":2,"s:9:24:12:Infinity":3,"s:14:28:19:Infinity":4,"s:21:28:26:Infinity":5,"s:28:28:34:Infinity":6,"s:36:26:43:Infinity":7,"s:45:26:53:Infinity":8}}}
,"/Users/lesego.rabanye/Documents/capture-app-backend/src/config/database.ts": {"path":"/Users/lesego.rabanye/Documents/capture-app-backend/src/config/database.ts","statementMap":{"0":{"start":{"line":4,"column":0},"end":{"line":4,"column":null}},"1":{"start":{"line":6,"column":25},"end":{"line":16,"column":null}},"2":{"start":{"line":18,"column":25},"end":{"line":35,"column":null}},"3":{"start":{"line":19,"column":2},"end":{"line":34,"column":null}},"4":{"start":{"line":20,"column":4},"end":{"line":20,"column":null}},"5":{"start":{"line":21,"column":4},"end":{"line":21,"column":null}},"6":{"start":{"line":22,"column":4},"end":{"line":22,"column":null}},"7":{"start":{"line":23,"column":4},"end":{"line":23,"column":null}},"8":{"start":{"line":26,"column":29},"end":{"line":26,"column":null}},"9":{"start":{"line":27,"column":4},"end":{"line":27,"column":null}},"10":{"start":{"line":29,"column":4},"end":{"line":29,"column":null}},"11":{"start":{"line":30,"column":4},"end":{"line":32,"column":null}},"12":{"start":{"line":31,"column":6},"end":{"line":31,"column":null}},"13":{"start":{"line":33,"column":4},"end":{"line":33,"column":null}}},"fnMap":{"0":{"name":"(anonymous_0)","decl":{"start":{"line":18,"column":25},"end":{"line":18,"column":52}},"loc":{"start":{"line":18,"column":52},"end":{"line":35,"column":null}},"line":18}},"branchMap":{"0":{"loc":{"start":{"line":12,"column":19},"end":{"line":12,"column":50}},"type":"binary-expr","locations":[{"start":{"line":12,"column":19},"end":{"line":12,"column":42}},{"start":{"line":12,"column":42},"end":{"line":12,"column":50}}],"line":12},"1":{"loc":{"start":{"line":14,"column":13},"end":{"line":14,"column":null}},"type":"cond-expr","locations":[{"start":{"line":14,"column":54},"end":{"line":14,"column":68}},{"start":{"line":14,"column":68},"end":{"line":14,"column":null}}],"line":14},"2":{"loc":{"start":{"line":30,"column":4},"end":{"line":32,"column":null}},"type":"if","locations":[{"start":{"line":30,"column":4},"end":{"line":32,"column":null}},{"start":{},"end":{}}],"line":30}},"s":{"0":6,"1":6,"2":6,"3":0,"4":0,"5":0,"6":0,"7":0,"8":0,"9":0,"10":0,"11":0,"12":0,"13":0},"f":{"0":0},"b":{"0":[6,0],"1":[0,6],"2":[0,0]},"meta":{"lastBranch":3,"lastFunction":1,"lastStatement":14,"seen":{"s:4:0:4:Infinity":0,"s:6:25:16:Infinity":1,"b:12:19:12:42:12:42:12:50":0,"b:14:54:14:68:14:68:14:Infinity":1,"s:18:25:35:Infinity":2,"f:18:25:18:52":0,"s:19:2:34:Infinity":3,"s:20:4:20:Infinity":4,"s:21:4:21:Infinity":5,"s:22:4:22:Infinity":6,"s:23:4:23:Infinity":7,"s:26:29:26:Infinity":8,"s:27:4:27:Infinity":9,"s:29:4:29:Infinity":10,"b:30:4:32:Infinity:undefined:undefined:undefined:undefined":2,"s:30:4:32:Infinity":11,"s:31:6:31:Infinity":12,"s:33:4:33:Infinity":13}}}
,"/Users/lesego.rabanye/Documents/capture-app-backend/src/controllers/feedbackController.ts": {"path":"/Users/lesego.rabanye/Documents/capture-app-backend/src/controllers/feedbackController.ts","statementMap":{"0":{"start":{"line":11,"column":20},"end":{"line":88,"column":null}},"1":{"start":{"line":12,"column":2},"end":{"line":87,"column":null}},"2":{"start":{"line":13,"column":27},"end":{"line":13,"column":null}},"3":{"start":{"line":14,"column":25},"end":{"line":14,"column":null}},"4":{"start":{"line":17,"column":21},"end":{"line":17,"column":null}},"5":{"start":{"line":18,"column":4},"end":{"line":27,"column":null}},"6":{"start":{"line":19,"column":6},"end":{"line":25,"column":null}},"7":{"start":{"line":26,"column":6},"end":{"line":26,"column":null}},"8":{"start":{"line":30,"column":23},"end":{"line":38,"column":null}},"9":{"start":{"line":41,"column":28},"end":{"line":41,"column":null}},"10":{"start":{"line":42,"column":4},"end":{"line":46,"column":null}},"11":{"start":{"line":43,"column":6},"end":{"line":45,"column":null}},"12":{"start":{"line":49,"column":21},"end":{"line":67,"column":null}},"13":{"start":{"line":49,"column":49},"end":{"line":67,"column":6}},"14":{"start":{"line":55,"column":31},"end":{"line":55,"column":null}},"15":{"start":{"line":55,"column":49},"end":{"line":55,"column":77}},"16":{"start":{"line":56,"column":8},"end":{"line":65,"column":null}},"17":{"start":{"line":69,"column":4},"end":{"line":78,"column":null}},"18":{"start":{"line":80,"column":4},"end":{"line":86,"column":null}},"19":{"start":{"line":91,"column":23},"end":{"line":166,"column":null}},"20":{"start":{"line":92,"column":22},"end":{"line":92,"column":null}},"21":{"start":{"line":94,"column":2},"end":{"line":165,"column":null}},"22":{"start":{"line":95,"column":27},"end":{"line":95,"column":null}},"23":{"start":{"line":96,"column":25},"end":{"line":96,"column":null}},"24":{"start":{"line":99,"column":21},"end":{"line":99,"column":null}},"25":{"start":{"line":100,"column":4},"end":{"line":110,"column":null}},"26":{"start":{"line":101,"column":6},"end":{"line":101,"column":null}},"27":{"start":{"line":102,"column":6},"end":{"line":108,"column":null}},"28":{"start":{"line":109,"column":6},"end":{"line":109,"column":null}},"29":{"start":{"line":113,"column":28},"end":{"line":113,"column":null}},"30":{"start":{"line":116,"column":19},"end":{"line":120,"column":null}},"31":{"start":{"line":123,"column":46},"end":{"line":123,"column":null}},"32":{"start":{"line":125,"column":4},"end":{"line":138,"column":null}},"33":{"start":{"line":126,"column":6},"end":{"line":137,"column":null}},"34":{"start":{"line":127,"column":8},"end":{"line":136,"column":null}},"35":{"start":{"line":128,"column":10},"end":{"line":135,"column":null}},"36":{"start":{"line":140,"column":4},"end":{"line":140,"column":null}},"37":{"start":{"line":141,"column":4},"end":{"line":141,"column":null}},"38":{"start":{"line":143,"column":4},"end":{"line":148,"column":null}},"39":{"start":{"line":150,"column":4},"end":{"line":150,"column":null}},"40":{"start":{"line":153,"column":26},"end":{"line":156,"column":null}},"41":{"start":{"line":158,"column":4},"end":{"line":164,"column":null}},"42":{"start":{"line":169,"column":23},"end":{"line":248,"column":null}},"43":{"start":{"line":170,"column":22},"end":{"line":170,"column":null}},"44":{"start":{"line":172,"column":2},"end":{"line":247,"column":null}},"45":{"start":{"line":173,"column":37},"end":{"line":173,"column":null}},"46":{"start":{"line":174,"column":25},"end":{"line":174,"column":null}},"47":{"start":{"line":175,"column":19},"end":{"line":175,"column":null}},"48":{"start":{"line":178,"column":19},"end":{"line":185,"column":null}},"49":{"start":{"line":187,"column":4},"end":{"line":197,"column":null}},"50":{"start":{"line":188,"column":6},"end":{"line":188,"column":null}},"51":{"start":{"line":189,"column":6},"end":{"line":195,"column":null}},"52":{"start":{"line":196,"column":6},"end":{"line":196,"column":null}},"53":{"start":{"line":200,"column":4},"end":{"line":203,"column":null}},"54":{"start":{"line":206,"column":46},"end":{"line":206,"column":null}},"55":{"start":{"line":208,"column":4},"end":{"line":221,"column":null}},"56":{"start":{"line":209,"column":6},"end":{"line":220,"column":null}},"57":{"start":{"line":210,"column":8},"end":{"line":219,"column":null}},"58":{"start":{"line":211,"column":10},"end":{"line":218,"column":null}},"59":{"start":{"line":223,"column":4},"end":{"line":223,"column":null}},"60":{"start":{"line":224,"column":4},"end":{"line":224,"column":null}},"61":{"start":{"line":226,"column":4},"end":{"line":231,"column":null}},"62":{"start":{"line":233,"column":4},"end":{"line":233,"column":null}},"63":{"start":{"line":235,"column":26},"end":{"line":238,"column":null}},"64":{"start":{"line":240,"column":4},"end":{"line":246,"column":null}},"65":{"start":{"line":251,"column":23},"end":{"line":305,"column":null}},"66":{"start":{"line":252,"column":22},"end":{"line":252,"column":null}},"67":{"start":{"line":254,"column":2},"end":{"line":304,"column":null}},"68":{"start":{"line":255,"column":37},"end":{"line":255,"column":null}},"69":{"start":{"line":256,"column":19},"end":{"line":256,"column":null}},"70":{"start":{"line":259,"column":19},"end":{"line":266,"column":null}},"71":{"start":{"line":268,"column":4},"end":{"line":278,"column":null}},"72":{"start":{"line":269,"column":6},"end":{"line":269,"column":null}},"73":{"start":{"line":270,"column":6},"end":{"line":276,"column":null}},"74":{"start":{"line":277,"column":6},"end":{"line":277,"column":null}},"75":{"start":{"line":281,"column":4},"end":{"line":284,"column":null}},"76":{"start":{"line":287,"column":4},"end":{"line":287,"column":null}},"77":{"start":{"line":288,"column":4},"end":{"line":288,"column":null}},"78":{"start":{"line":290,"column":4},"end":{"line":293,"column":null}},"79":{"start":{"line":295,"column":4},"end":{"line":295,"column":null}},"80":{"start":{"line":297,"column":4},"end":{"line":303,"column":null}}},"fnMap":{"0":{"name":"(anonymous_0)","decl":{"start":{"line":11,"column":20},"end":{"line":11,"column":27}},"loc":{"start":{"line":11,"column":78},"end":{"line":88,"column":null}},"line":11},"1":{"name":"(anonymous_1)","decl":{"start":{"line":49,"column":36},"end":{"line":49,"column":49}},"loc":{"start":{"line":49,"column":49},"end":{"line":67,"column":6}},"line":49},"2":{"name":"(anonymous_2)","decl":{"start":{"line":54,"column":49},"end":{"line":54,"column":50}},"loc":{"start":{"line":54,"column":68},"end":{"line":66,"column":7}},"line":54},"3":{"name":"(anonymous_3)","decl":{"start":{"line":55,"column":44},"end":{"line":55,"column":49}},"loc":{"start":{"line":55,"column":49},"end":{"line":55,"column":77}},"line":55},"4":{"name":"(anonymous_4)","decl":{"start":{"line":91,"column":23},"end":{"line":91,"column":30}},"loc":{"start":{"line":91,"column":81},"end":{"line":166,"column":null}},"line":91},"5":{"name":"(anonymous_5)","decl":{"start":{"line":169,"column":23},"end":{"line":169,"column":30}},"loc":{"start":{"line":169,"column":81},"end":{"line":248,"column":null}},"line":169},"6":{"name":"(anonymous_6)","decl":{"start":{"line":251,"column":23},"end":{"line":251,"column":30}},"loc":{"start":{"line":251,"column":81},"end":{"line":305,"column":null}},"line":251}},"branchMap":{"0":{"loc":{"start":{"line":18,"column":4},"end":{"line":27,"column":null}},"type":"if","locations":[{"start":{"line":18,"column":4},"end":{"line":27,"column":null}},{"start":{},"end":{}}],"line":18},"1":{"loc":{"start":{"line":42,"column":4},"end":{"line":46,"column":null}},"type":"if","locations":[{"start":{"line":42,"column":4},"end":{"line":46,"column":null}},{"start":{},"end":{}}],"line":42},"2":{"loc":{"start":{"line":59,"column":14},"end":{"line":64,"column":null}},"type":"binary-expr","locations":[{"start":{"line":59,"column":14},"end":{"line":59,"column":32}},{"start":{"line":59,"column":32},"end":{"line":64,"column":null}}],"line":59},"3":{"loc":{"start":{"line":100,"column":4},"end":{"line":110,"column":null}},"type":"if","locations":[{"start":{"line":100,"column":4},"end":{"line":110,"column":null}},{"start":{},"end":{}}],"line":100},"4":{"loc":{"start":{"line":113,"column":28},"end":{"line":113,"column":null}},"type":"binary-expr","locations":[{"start":{"line":113,"column":28},"end":{"line":113,"column":44}},{"start":{"line":113,"column":44},"end":{"line":113,"column":null}}],"line":113},"5":{"loc":{"start":{"line":127,"column":8},"end":{"line":136,"column":null}},"type":"if","locations":[{"start":{"line":127,"column":8},"end":{"line":136,"column":null}},{"start":{},"end":{}}],"line":127},"6":{"loc":{"start":{"line":153,"column":26},"end":{"line":156,"column":null}},"type":"binary-expr","locations":[{"start":{"line":153,"column":26},"end":{"line":153,"column":null}},{"start":{"line":154,"column":7},"end":{"line":154,"column":null}},{"start":{"line":155,"column":7},"end":{"line":155,"column":null}},{"start":{"line":156,"column":7},"end":{"line":156,"column":null}}],"line":153},"7":{"loc":{"start":{"line":158,"column":15},"end":{"line":158,"column":40}},"type":"cond-expr","locations":[{"start":{"line":158,"column":31},"end":{"line":158,"column":37}},{"start":{"line":158,"column":37},"end":{"line":158,"column":40}}],"line":158},"8":{"loc":{"start":{"line":161,"column":14},"end":{"line":161,"column":null}},"type":"cond-expr","locations":[{"start":{"line":161,"column":30},"end":{"line":161,"column":51}},{"start":{"line":161,"column":51},"end":{"line":161,"column":null}}],"line":161},"9":{"loc":{"start":{"line":187,"column":4},"end":{"line":197,"column":null}},"type":"if","locations":[{"start":{"line":187,"column":4},"end":{"line":197,"column":null}},{"start":{},"end":{}}],"line":187},"10":{"loc":{"start":{"line":210,"column":8},"end":{"line":219,"column":null}},"type":"if","locations":[{"start":{"line":210,"column":8},"end":{"line":219,"column":null}},{"start":{},"end":{}}],"line":210},"11":{"loc":{"start":{"line":235,"column":26},"end":{"line":238,"column":null}},"type":"binary-expr","locations":[{"start":{"line":235,"column":26},"end":{"line":235,"column":null}},{"start":{"line":236,"column":7},"end":{"line":236,"column":null}},{"start":{"line":237,"column":7},"end":{"line":237,"column":null}},{"start":{"line":238,"column":7},"end":{"line":238,"column":null}}],"line":235},"12":{"loc":{"start":{"line":240,"column":15},"end":{"line":240,"column":40}},"type":"cond-expr","locations":[{"start":{"line":240,"column":31},"end":{"line":240,"column":37}},{"start":{"line":240,"column":37},"end":{"line":240,"column":40}}],"line":240},"13":{"loc":{"start":{"line":243,"column":14},"end":{"line":243,"column":null}},"type":"cond-expr","locations":[{"start":{"line":243,"column":30},"end":{"line":243,"column":51}},{"start":{"line":243,"column":51},"end":{"line":243,"column":null}}],"line":243},"14":{"loc":{"start":{"line":268,"column":4},"end":{"line":278,"column":null}},"type":"if","locations":[{"start":{"line":268,"column":4},"end":{"line":278,"column":null}},{"start":{},"end":{}}],"line":268}},"s":{"0":3,"1":2,"2":2,"3":2,"4":2,"5":2,"6":1,"7":1,"8":1,"9":1,"10":1,"11":0,"12":1,"13":4,"14":12,"15":0,"16":12,"17":1,"18":0,"19":3,"20":3,"21":3,"22":3,"23":3,"24":3,"25":3,"26":0,"27":0,"28":0,"29":3,"30":3,"31":3,"32":3,"33":3,"34":3,"35":3,"36":3,"37":3,"38":3,"39":0,"40":0,"41":0,"42":3,"43":2,"44":2,"45":2,"46":2,"47":2,"48":2,"49":2,"50":1,"51":1,"52":1,"53":1,"54":1,"55":1,"56":1,"57":1,"58":1,"59":1,"60":1,"61":1,"62":0,"63":0,"64":0,"65":3,"66":2,"67":2,"68":2,"69":2,"70":2,"71":2,"72":1,"73":1,"74":1,"75":1,"76":1,"77":1,"78":1,"79":0,"80":0},"f":{"0":2,"1":4,"2":12,"3":0,"4":3,"5":2,"6":2},"b":{"0":[1,1],"1":[0,1],"2":[12,0],"3":[0,3],"4":[3,0],"5":[3,0],"6":[0,0,0,0],"7":[0,0],"8":[0,0],"9":[1,1],"10":[1,0],"11":[0,0,0,0],"12":[0,0],"13":[0,0],"14":[1,1]},"meta":{"lastBranch":15,"lastFunction":7,"lastStatement":81,"seen":{"s:11:20:88:Infinity":0,"f:11:20:11:27":0,"s:12:2:87:Infinity":1,"s:13:27:13:Infinity":2,"s:14:25:14:Infinity":3,"s:17:21:17:Infinity":4,"b:18:4:27:Infinity:undefined:undefined:undefined:undefined":0,"s:18:4:27:Infinity":5,"s:19:6:25:Infinity":6,"s:26:6:26:Infinity":7,"s:30:23:38:Infinity":8,"s:41:28:41:Infinity":9,"b:42:4:46:Infinity:undefined:undefined:undefined:undefined":1,"s:42:4:46:Infinity":10,"s:43:6:45:Infinity":11,"s:49:21:67:Infinity":12,"f:49:36:49:49":1,"s:49:49:67:6":13,"f:54:49:54:50":2,"s:55:31:55:Infinity":14,"f:55:44:55:49":3,"s:55:49:55:77":15,"s:56:8:65:Infinity":16,"b:59:14:59:32:59:32:64:Infinity":2,"s:69:4:78:Infinity":17,"s:80:4:86:Infinity":18,"s:91:23:166:Infinity":19,"f:91:23:91:30":4,"s:92:22:92:Infinity":20,"s:94:2:165:Infinity":21,"s:95:27:95:Infinity":22,"s:96:25:96:Infinity":23,"s:99:21:99:Infinity":24,"b:100:4:110:Infinity:undefined:undefined:undefined:undefined":3,"s:100:4:110:Infinity":25,"s:101:6:101:Infinity":26,"s:102:6:108:Infinity":27,"s:109:6:109:Infinity":28,"s:113:28:113:Infinity":29,"b:113:28:113:44:113:44:113:Infinity":4,"s:116:19:120:Infinity":30,"s:123:46:123:Infinity":31,"s:125:4:138:Infinity":32,"s:126:6:137:Infinity":33,"b:127:8:136:Infinity:undefined:undefined:undefined:undefined":5,"s:127:8:136:Infinity":34,"s:128:10:135:Infinity":35,"s:140:4:140:Infinity":36,"s:141:4:141:Infinity":37,"s:143:4:148:Infinity":38,"s:150:4:150:Infinity":39,"s:153:26:156:Infinity":40,"b:153:26:153:Infinity:154:7:154:Infinity:155:7:155:Infinity:156:7:156:Infinity":6,"s:158:4:164:Infinity":41,"b:158:31:158:37:158:37:158:40":7,"b:161:30:161:51:161:51:161:Infinity":8,"s:169:23:248:Infinity":42,"f:169:23:169:30":5,"s:170:22:170:Infinity":43,"s:172:2:247:Infinity":44,"s:173:37:173:Infinity":45,"s:174:25:174:Infinity":46,"s:175:19:175:Infinity":47,"s:178:19:185:Infinity":48,"b:187:4:197:Infinity:undefined:undefined:undefined:undefined":9,"s:187:4:197:Infinity":49,"s:188:6:188:Infinity":50,"s:189:6:195:Infinity":51,"s:196:6:196:Infinity":52,"s:200:4:203:Infinity":53,"s:206:46:206:Infinity":54,"s:208:4:221:Infinity":55,"s:209:6:220:Infinity":56,"b:210:8:219:Infinity:undefined:undefined:undefined:undefined":10,"s:210:8:219:Infinity":57,"s:211:10:218:Infinity":58,"s:223:4:223:Infinity":59,"s:224:4:224:Infinity":60,"s:226:4:231:Infinity":61,"s:233:4:233:Infinity":62,"s:235:26:238:Infinity":63,"b:235:26:235:Infinity:236:7:236:Infinity:237:7:237:Infinity:238:7:238:Infinity":11,"s:240:4:246:Infinity":64,"b:240:31:240:37:240:37:240:40":12,"b:243:30:243:51:243:51:243:Infinity":13,"s:251:23:305:Infinity":65,"f:251:23:251:30":6,"s:252:22:252:Infinity":66,"s:254:2:304:Infinity":67,"s:255:37:255:Infinity":68,"s:256:19:256:Infinity":69,"s:259:19:266:Infinity":70,"b:268:4:278:Infinity:undefined:undefined:undefined:undefined":14,"s:268:4:278:Infinity":71,"s:269:6:269:Infinity":72,"s:270:6:276:Infinity":73,"s:277:6:277:Infinity":74,"s:281:4:284:Infinity":75,"s:287:4:287:Infinity":76,"s:288:4:288:Infinity":77,"s:290:4:293:Infinity":78,"s:295:4:295:Infinity":79,"s:297:4:303:Infinity":80}}}
,"/Users/lesego.rabanye/Documents/capture-app-backend/src/controllers/teammateController.ts": {"path":"/Users/lesego.rabanye/Documents/capture-app-backend/src/controllers/teammateController.ts","statementMap":{"0":{"start":{"line":6,"column":23},"end":{"line":32,"column":null}},"1":{"start":{"line":7,"column":2},"end":{"line":31,"column":null}},"2":{"start":{"line":8,"column":25},"end":{"line":8,"column":null}},"3":{"start":{"line":10,"column":24},"end":{"line":12,"column":null}},"4":{"start":{"line":14,"column":4},"end":{"line":22,"column":null}},"5":{"start":{"line":24,"column":4},"end":{"line":30,"column":null}},"6":{"start":{"line":35,"column":24},"end":{"line":59,"column":null}},"7":{"start":{"line":36,"column":2},"end":{"line":58,"column":null}},"8":{"start":{"line":37,"column":22},"end":{"line":39,"column":null}},"9":{"start":{"line":41,"column":4},"end":{"line":49,"column":null}},"10":{"start":{"line":44,"column":39},"end":{"line":47,"column":10}},"11":{"start":{"line":51,"column":4},"end":{"line":57,"column":null}}},"fnMap":{"0":{"name":"(anonymous_0)","decl":{"start":{"line":6,"column":23},"end":{"line":6,"column":30}},"loc":{"start":{"line":6,"column":81},"end":{"line":32,"column":null}},"line":6},"1":{"name":"(anonymous_1)","decl":{"start":{"line":35,"column":24},"end":{"line":35,"column":31}},"loc":{"start":{"line":35,"column":82},"end":{"line":59,"column":null}},"line":35},"2":{"name":"(anonymous_2)","decl":{"start":{"line":44,"column":33},"end":{"line":44,"column":39}},"loc":{"start":{"line":44,"column":39},"end":{"line":47,"column":10}},"line":44}},"branchMap":{},"s":{"0":3,"1":4,"2":4,"3":4,"4":3,"5":1,"6":3,"7":3,"8":3,"9":2,"10":45,"11":1},"f":{"0":4,"1":3,"2":45},"b":{},"meta":{"lastBranch":0,"lastFunction":3,"lastStatement":12,"seen":{"s:6:23:32:Infinity":0,"f:6:23:6:30":0,"s:7:2:31:Infinity":1,"s:8:25:8:Infinity":2,"s:10:24:12:Infinity":3,"s:14:4:22:Infinity":4,"s:24:4:30:Infinity":5,"s:35:24:59:Infinity":6,"f:35:24:35:31":1,"s:36:2:58:Infinity":7,"s:37:22:39:Infinity":8,"s:41:4:49:Infinity":9,"f:44:33:44:39":2,"s:44:39:47:10":10,"s:51:4:57:Infinity":11}}}
,"/Users/lesego.rabanye/Documents/capture-app-backend/src/middleware/auth.ts": {"path":"/Users/lesego.rabanye/Documents/capture-app-backend/src/middleware/auth.ts","statementMap":{"0":{"start":{"line":12,"column":19},"end":{"line":12,"column":null}},"1":{"start":{"line":14,"column":28},"end":{"line":53,"column":null}},"2":{"start":{"line":15,"column":2},"end":{"line":52,"column":null}},"3":{"start":{"line":16,"column":23},"end":{"line":16,"column":null}},"4":{"start":{"line":18,"column":4},"end":{"line":27,"column":null}},"5":{"start":{"line":19,"column":6},"end":{"line":25,"column":null}},"6":{"start":{"line":26,"column":6},"end":{"line":26,"column":null}},"7":{"start":{"line":29,"column":18},"end":{"line":29,"column":null}},"8":{"start":{"line":31,"column":4},"end":{"line":43,"column":null}},"9":{"start":{"line":32,"column":22},"end":{"line":32,"column":null}},"10":{"start":{"line":33,"column":7},"end":{"line":33,"column":null}},"11":{"start":{"line":34,"column":6},"end":{"line":34,"column":null}},"12":{"start":{"line":36,"column":6},"end":{"line":42,"column":null}},"13":{"start":{"line":45,"column":4},"end":{"line":51,"column":null}},"14":{"start":{"line":56,"column":28},"end":{"line":70,"column":null}},"15":{"start":{"line":57,"column":21},"end":{"line":57,"column":null}},"16":{"start":{"line":59,"column":2},"end":{"line":67,"column":null}},"17":{"start":{"line":60,"column":18},"end":{"line":60,"column":null}},"18":{"start":{"line":61,"column":4},"end":{"line":66,"column":null}},"19":{"start":{"line":62,"column":22},"end":{"line":62,"column":null}},"20":{"start":{"line":63,"column":7},"end":{"line":63,"column":null}},"21":{"start":{"line":69,"column":2},"end":{"line":69,"column":null}},"22":{"start":{"line":73,"column":29},"end":{"line":75,"column":null}},"23":{"start":{"line":74,"column":2},"end":{"line":74,"column":null}}},"fnMap":{"0":{"name":"(anonymous_0)","decl":{"start":{"line":14,"column":28},"end":{"line":14,"column":29}},"loc":{"start":{"line":14,"column":87},"end":{"line":53,"column":null}},"line":14},"1":{"name":"(anonymous_1)","decl":{"start":{"line":56,"column":28},"end":{"line":56,"column":29}},"loc":{"start":{"line":56,"column":88},"end":{"line":70,"column":null}},"line":56},"2":{"name":"(anonymous_2)","decl":{"start":{"line":73,"column":29},"end":{"line":73,"column":30}},"loc":{"start":{"line":73,"column":73},"end":{"line":75,"column":null}},"line":73}},"branchMap":{"0":{"loc":{"start":{"line":12,"column":19},"end":{"line":12,"column":null}},"type":"binary-expr","locations":[{"start":{"line":12,"column":19},"end":{"line":12,"column":45}},{"start":{"line":12,"column":45},"end":{"line":12,"column":null}}],"line":12},"1":{"loc":{"start":{"line":18,"column":4},"end":{"line":27,"column":null}},"type":"if","locations":[{"start":{"line":18,"column":4},"end":{"line":27,"column":null}},{"start":{},"end":{}}],"line":18},"2":{"loc":{"start":{"line":18,"column":8},"end":{"line":18,"column":58}},"type":"binary-expr","locations":[{"start":{"line":18,"column":8},"end":{"line":18,"column":23}},{"start":{"line":18,"column":23},"end":{"line":18,"column":58}}],"line":18},"3":{"loc":{"start":{"line":59,"column":2},"end":{"line":67,"column":null}},"type":"if","locations":[{"start":{"line":59,"column":2},"end":{"line":67,"column":null}},{"start":{},"end":{}}],"line":59},"4":{"loc":{"start":{"line":59,"column":6},"end":{"line":59,"column":54}},"type":"binary-expr","locations":[{"start":{"line":59,"column":6},"end":{"line":59,"column":20}},{"start":{"line":59,"column":20},"end":{"line":59,"column":54}}],"line":59}},"s":{"0":3,"1":3,"2":24,"3":24,"4":24,"5":6,"6":6,"7":18,"8":18,"9":18,"10":18,"11":18,"12":1,"13":0,"14":3,"15":0,"16":0,"17":0,"18":0,"19":0,"20":0,"21":0,"22":3,"23":3},"f":{"0":24,"1":0,"2":3},"b":{"0":[3,0],"1":[6,18],"2":[24,19],"3":[0,0],"4":[0,0]},"meta":{"lastBranch":5,"lastFunction":3,"lastStatement":24,"seen":{"s:12:19:12:Infinity":0,"b:12:19:12:45:12:45:12:Infinity":0,"s:14:28:53:Infinity":1,"f:14:28:14:29":0,"s:15:2:52:Infinity":2,"s:16:23:16:Infinity":3,"b:18:4:27:Infinity:undefined:undefined:undefined:undefined":1,"s:18:4:27:Infinity":4,"b:18:8:18:23:18:23:18:58":2,"s:19:6:25:Infinity":5,"s:26:6:26:Infinity":6,"s:29:18:29:Infinity":7,"s:31:4:43:Infinity":8,"s:32:22:32:Infinity":9,"s:33:7:33:Infinity":10,"s:34:6:34:Infinity":11,"s:36:6:42:Infinity":12,"s:45:4:51:Infinity":13,"s:56:28:70:Infinity":14,"f:56:28:56:29":1,"s:57:21:57:Infinity":15,"b:59:2:67:Infinity:undefined:undefined:undefined:undefined":3,"s:59:2:67:Infinity":16,"b:59:6:59:20:59:20:59:54":4,"s:60:18:60:Infinity":17,"s:61:4:66:Infinity":18,"s:62:22:62:Infinity":19,"s:63:7:63:Infinity":20,"s:69:2:69:Infinity":21,"s:73:29:75:Infinity":22,"f:73:29:73:30":2,"s:74:2:74:Infinity":23}}}
,"/Users/lesego.rabanye/Documents/capture-app-backend/src/middleware/cors.ts": {"path":"/Users/lesego.rabanye/Documents/capture-app-backend/src/middleware/cors.ts","statementMap":{"0":{"start":{"line":3,"column":20},"end":{"line":43,"column":null}},"1":{"start":{"line":4,"column":2},"end":{"line":42,"column":null}},"2":{"start":{"line":5,"column":19},"end":{"line":5,"column":null}},"3":{"start":{"line":8,"column":22},"end":{"line":8,"column":null}},"4":{"start":{"line":11,"column":4},"end":{"line":27,"column":null}},"5":{"start":{"line":12,"column":6},"end":{"line":12,"column":null}},"6":{"start":{"line":13,"column":6},"end":{"line":13,"column":null}},"7":{"start":{"line":14,"column":6},"end":{"line":17,"column":null}},"8":{"start":{"line":18,"column":6},"end":{"line":21,"column":null}},"9":{"start":{"line":22,"column":6},"end":{"line":22,"column":null}},"10":{"start":{"line":23,"column":4},"end":{"line":27,"column":null}},"11":{"start":{"line":25,"column":6},"end":{"line":25,"column":null}},"12":{"start":{"line":26,"column":6},"end":{"line":26,"column":null}},"13":{"start":{"line":30,"column":4},"end":{"line":39,"column":null}},"14":{"start":{"line":31,"column":6},"end":{"line":38,"column":null}},"15":{"start":{"line":32,"column":8},"end":{"line":32,"column":null}},"16":{"start":{"line":33,"column":8},"end":{"line":33,"column":null}},"17":{"start":{"line":36,"column":8},"end":{"line":36,"column":null}},"18":{"start":{"line":37,"column":8},"end":{"line":37,"column":null}},"19":{"start":{"line":41,"column":4},"end":{"line":41,"column":null}}},"fnMap":{"0":{"name":"(anonymous_0)","decl":{"start":{"line":3,"column":20},"end":{"line":3,"column":21}},"loc":{"start":{"line":3,"column":53},"end":{"line":43,"column":null}},"line":3},"1":{"name":"(anonymous_1)","decl":{"start":{"line":4,"column":9},"end":{"line":4,"column":10}},"loc":{"start":{"line":4,"column":68},"end":{"line":42,"column":null}},"line":4}},"branchMap":{"0":{"loc":{"start":{"line":3,"column":21},"end":{"line":3,"column":53}},"type":"default-arg","locations":[{"start":{"line":3,"column":46},"end":{"line":3,"column":53}}],"line":3},"1":{"loc":{"start":{"line":8,"column":22},"end":{"line":8,"column":null}},"type":"binary-expr","locations":[{"start":{"line":8,"column":22},"end":{"line":8,"column":32}},{"start":{"line":8,"column":32},"end":{"line":8,"column":null}}],"line":8},"2":{"loc":{"start":{"line":11,"column":4},"end":{"line":27,"column":null}},"type":"if","locations":[{"start":{"line":11,"column":4},"end":{"line":27,"column":null}},{"start":{"line":23,"column":4},"end":{"line":27,"column":null}}],"line":11},"3":{"loc":{"start":{"line":23,"column":4},"end":{"line":27,"column":null}},"type":"if","locations":[{"start":{"line":23,"column":4},"end":{"line":27,"column":null}},{"start":{},"end":{}}],"line":23},"4":{"loc":{"start":{"line":30,"column":4},"end":{"line":39,"column":null}},"type":"if","locations":[{"start":{"line":30,"column":4},"end":{"line":39,"column":null}},{"start":{},"end":{}}],"line":30},"5":{"loc":{"start":{"line":31,"column":6},"end":{"line":38,"column":null}},"type":"if","locations":[{"start":{"line":31,"column":6},"end":{"line":38,"column":null}},{"start":{"line":34,"column":13},"end":{"line":38,"column":null}}],"line":31}},"s":{"0":2,"1":2,"2":20,"3":20,"4":20,"5":0,"6":0,"7":0,"8":0,"9":0,"10":20,"11":0,"12":0,"13":20,"14":0,"15":0,"16":0,"17":0,"18":0,"19":20},"f":{"0":2,"1":20},"b":{"0":[2],"1":[20,0],"2":[0,20],"3":[0,20],"4":[0,20],"5":[0,0]},"meta":{"lastBranch":6,"lastFunction":2,"lastStatement":20,"seen":{"s:3:20:43:Infinity":0,"f:3:20:3:21":0,"b:3:46:3:53":0,"s:4:2:42:Infinity":1,"f:4:9:4:10":1,"s:5:19:5:Infinity":2,"s:8:22:8:Infinity":3,"b:8:22:8:32:8:32:8:Infinity":1,"b:11:4:27:Infinity:23:4:27:Infinity":2,"s:11:4:27:Infinity":4,"s:12:6:12:Infinity":5,"s:13:6:13:Infinity":6,"s:14:6:17:Infinity":7,"s:18:6:21:Infinity":8,"s:22:6:22:Infinity":9,"b:23:4:27:Infinity:undefined:undefined:undefined:undefined":3,"s:23:4:27:Infinity":10,"s:25:6:25:Infinity":11,"s:26:6:26:Infinity":12,"b:30:4:39:Infinity:undefined:undefined:undefined:undefined":4,"s:30:4:39:Infinity":13,"b:31:6:38:Infinity:34:13:38:Infinity":5,"s:31:6:38:Infinity":14,"s:32:8:32:Infinity":15,"s:33:8:33:Infinity":16,"s:36:8:36:Infinity":17,"s:37:8:37:Infinity":18,"s:41:4:41:Infinity":19}}}
,"/Users/lesego.rabanye/Documents/capture-app-backend/src/middleware/validate.ts": {"path":"/Users/lesego.rabanye/Documents/capture-app-backend/src/middleware/validate.ts","statementMap":{"0":{"start":{"line":4,"column":28},"end":{"line":35,"column":null}},"1":{"start":{"line":5,"column":2},"end":{"line":34,"column":null}},"2":{"start":{"line":6,"column":4},"end":{"line":33,"column":null}},"3":{"start":{"line":7,"column":6},"end":{"line":7,"column":null}},"4":{"start":{"line":8,"column":6},"end":{"line":8,"column":null}},"5":{"start":{"line":10,"column":6},"end":{"line":32,"column":null}},"6":{"start":{"line":11,"column":8},"end":{"line":23,"column":null}},"7":{"start":{"line":17,"column":47},"end":{"line":20,"column":16}},"8":{"start":{"line":25,"column":8},"end":{"line":31,"column":null}},"9":{"start":{"line":37,"column":29},"end":{"line":76,"column":null}},"10":{"start":{"line":38,"column":2},"end":{"line":75,"column":null}},"11":{"start":{"line":39,"column":4},"end":{"line":74,"column":null}},"12":{"start":{"line":41,"column":20},"end":{"line":46,"column":null}},"13":{"start":{"line":42,"column":56},"end":{"line":45,"column":9}},"14":{"start":{"line":48,"column":6},"end":{"line":48,"column":null}},"15":{"start":{"line":49,"column":6},"end":{"line":49,"column":null}},"16":{"start":{"line":51,"column":6},"end":{"line":73,"column":null}},"17":{"start":{"line":52,"column":8},"end":{"line":64,"column":null}},"18":{"start":{"line":58,"column":47},"end":{"line":61,"column":16}},"19":{"start":{"line":66,"column":8},"end":{"line":72,"column":null}}},"fnMap":{"0":{"name":"(anonymous_0)","decl":{"start":{"line":4,"column":28},"end":{"line":4,"column":29}},"loc":{"start":{"line":4,"column":51},"end":{"line":35,"column":null}},"line":4},"1":{"name":"(anonymous_1)","decl":{"start":{"line":5,"column":9},"end":{"line":5,"column":10}},"loc":{"start":{"line":5,"column":68},"end":{"line":34,"column":null}},"line":5},"2":{"name":"(anonymous_2)","decl":{"start":{"line":17,"column":39},"end":{"line":17,"column":47}},"loc":{"start":{"line":17,"column":47},"end":{"line":20,"column":16}},"line":17},"3":{"name":"(anonymous_3)","decl":{"start":{"line":37,"column":29},"end":{"line":37,"column":30}},"loc":{"start":{"line":37,"column":52},"end":{"line":76,"column":null}},"line":37},"4":{"name":"(anonymous_4)","decl":{"start":{"line":38,"column":9},"end":{"line":38,"column":10}},"loc":{"start":{"line":38,"column":68},"end":{"line":75,"column":null}},"line":38},"5":{"name":"(anonymous_5)","decl":{"start":{"line":42,"column":38},"end":{"line":42,"column":39}},"loc":{"start":{"line":42,"column":56},"end":{"line":45,"column":9}},"line":42},"6":{"name":"(anonymous_6)","decl":{"start":{"line":58,"column":39},"end":{"line":58,"column":47}},"loc":{"start":{"line":58,"column":47},"end":{"line":61,"column":16}},"line":58}},"branchMap":{"0":{"loc":{"start":{"line":10,"column":6},"end":{"line":32,"column":null}},"type":"if","locations":[{"start":{"line":10,"column":6},"end":{"line":32,"column":null}},{"start":{"line":24,"column":13},"end":{"line":32,"column":null}}],"line":10},"1":{"loc":{"start":{"line":44,"column":10},"end":{"line":44,"column":null}},"type":"cond-expr","locations":[{"start":{"line":44,"column":32},"end":{"line":44,"column":44}},{"start":{"line":44,"column":44},"end":{"line":44,"column":null}}],"line":44},"2":{"loc":{"start":{"line":51,"column":6},"end":{"line":73,"column":null}},"type":"if","locations":[{"start":{"line":51,"column":6},"end":{"line":73,"column":null}},{"start":{"line":65,"column":13},"end":{"line":73,"column":null}}],"line":51}},"s":{"0":3,"1":9,"2":14,"3":14,"4":14,"5":6,"6":6,"7":8,"8":0,"9":3,"10":2,"11":2,"12":2,"13":3,"14":2,"15":2,"16":1,"17":1,"18":1,"19":0},"f":{"0":9,"1":14,"2":8,"3":2,"4":2,"5":3,"6":1},"b":{"0":[6,0],"1":[0,3],"2":[1,0]},"meta":{"lastBranch":3,"lastFunction":7,"lastStatement":20,"seen":{"s:4:28:35:Infinity":0,"f:4:28:4:29":0,"s:5:2:34:Infinity":1,"f:5:9:5:10":1,"s:6:4:33:Infinity":2,"s:7:6:7:Infinity":3,"s:8:6:8:Infinity":4,"b:10:6:32:Infinity:24:13:32:Infinity":0,"s:10:6:32:Infinity":5,"s:11:8:23:Infinity":6,"f:17:39:17:47":2,"s:17:47:20:16":7,"s:25:8:31:Infinity":8,"s:37:29:76:Infinity":9,"f:37:29:37:30":3,"s:38:2:75:Infinity":10,"f:38:9:38:10":4,"s:39:4:74:Infinity":11,"s:41:20:46:Infinity":12,"f:42:38:42:39":5,"s:42:56:45:9":13,"b:44:32:44:44:44:44:44:Infinity":1,"s:48:6:48:Infinity":14,"s:49:6:49:Infinity":15,"b:51:6:73:Infinity:65:13:73:Infinity":2,"s:51:6:73:Infinity":16,"s:52:8:64:Infinity":17,"f:58:39:58:47":6,"s:58:47:61:16":18,"s:66:8:72:Infinity":19}}}
,"/Users/lesego.rabanye/Documents/capture-app-backend/src/models/answer.ts": {"path":"/Users/lesego.rabanye/Documents/capture-app-backend/src/models/answer.ts","statementMap":{"0":{"start":{"line":27,"column":0},"end":{"line":83,"column":null}},"1":{"start":{"line":39,"column":25},"end":{"line":39,"column":null}},"2":{"start":{"line":40,"column":8},"end":{"line":40,"column":null}},"3":{"start":{"line":44,"column":8},"end":{"line":54,"column":null}},"4":{"start":{"line":45,"column":10},"end":{"line":49,"column":null}},"5":{"start":{"line":46,"column":12},"end":{"line":46,"column":null}},"6":{"start":{"line":48,"column":12},"end":{"line":48,"column":null}},"7":{"start":{"line":50,"column":8},"end":{"line":54,"column":null}},"8":{"start":{"line":51,"column":10},"end":{"line":51,"column":null}},"9":{"start":{"line":53,"column":10},"end":{"line":53,"column":null}}},"fnMap":{"0":{"name":"(anonymous_0)","decl":{"start":{"line":38,"column":6},"end":{"line":38,"column":32}},"loc":{"start":{"line":38,"column":32},"end":{"line":41,"column":null}},"line":38},"1":{"name":"(anonymous_1)","decl":{"start":{"line":43,"column":6},"end":{"line":43,"column":24}},"loc":{"start":{"line":43,"column":54},"end":{"line":55,"column":null}},"line":43}},"branchMap":{"0":{"loc":{"start":{"line":44,"column":8},"end":{"line":54,"column":null}},"type":"if","locations":[{"start":{"line":44,"column":8},"end":{"line":54,"column":null}},{"start":{"line":50,"column":8},"end":{"line":54,"column":null}}],"line":44},"1":{"loc":{"start":{"line":45,"column":10},"end":{"line":49,"column":null}},"type":"if","locations":[{"start":{"line":45,"column":10},"end":{"line":49,"column":null}},{"start":{"line":47,"column":17},"end":{"line":49,"column":null}}],"line":45},"2":{"loc":{"start":{"line":50,"column":8},"end":{"line":54,"column":null}},"type":"if","locations":[{"start":{"line":50,"column":8},"end":{"line":54,"column":null}},{"start":{"line":52,"column":15},"end":{"line":54,"column":null}}],"line":50},"3":{"loc":{"start":{"line":50,"column":19},"end":{"line":50,"column":88}},"type":"binary-expr","locations":[{"start":{"line":50,"column":19},"end":{"line":50,"column":48}},{"start":{"line":50,"column":48},"end":{"line":50,"column":88}}],"line":50}},"s":{"0":6,"1":0,"2":0,"3":4,"4":4,"5":4,"6":0,"7":0,"8":0,"9":0},"f":{"0":0,"1":4},"b":{"0":[4,0],"1":[4,0],"2":[0,0],"3":[0,0]},"meta":{"lastBranch":4,"lastFunction":2,"lastStatement":10,"seen":{"s:27:0:83:Infinity":0,"f:38:6:38:32":0,"s:39:25:39:Infinity":1,"s:40:8:40:Infinity":2,"f:43:6:43:24":1,"b:44:8:54:Infinity:50:8:54:Infinity":0,"s:44:8:54:Infinity":3,"b:45:10:49:Infinity:47:17:49:Infinity":1,"s:45:10:49:Infinity":4,"s:46:12:46:Infinity":5,"s:48:12:48:Infinity":6,"b:50:8:54:Infinity:52:15:54:Infinity":2,"s:50:8:54:Infinity":7,"b:50:19:50:48:50:48:50:88":3,"s:51:10:51:Infinity":8,"s:53:10:53:Infinity":9}}}
,"/Users/lesego.rabanye/Documents/capture-app-backend/src/models/category.ts": {"path":"/Users/lesego.rabanye/Documents/capture-app-backend/src/models/category.ts","statementMap":{"0":{"start":{"line":20,"column":0},"end":{"line":37,"column":null}}},"fnMap":{},"branchMap":{},"s":{"0":6},"f":{},"b":{},"meta":{"lastBranch":0,"lastFunction":0,"lastStatement":1,"seen":{"s:20:0:37:Infinity":0}}}
,"/Users/lesego.rabanye/Documents/capture-app-backend/src/models/index.ts": {"path":"/Users/lesego.rabanye/Documents/capture-app-backend/src/models/index.ts","statementMap":{"0":{"start":{"line":8,"column":0},"end":{"line":11,"column":null}},"1":{"start":{"line":12,"column":0},"end":{"line":15,"column":null}},"2":{"start":{"line":17,"column":0},"end":{"line":20,"column":null}},"3":{"start":{"line":21,"column":0},"end":{"line":24,"column":null}},"4":{"start":{"line":26,"column":0},"end":{"line":29,"column":null}},"5":{"start":{"line":30,"column":0},"end":{"line":33,"column":null}},"6":{"start":{"line":35,"column":0},"end":{"line":38,"column":null}},"7":{"start":{"line":40,"column":0},"end":{"line":43,"column":null}}},"fnMap":{},"branchMap":{},"s":{"0":6,"1":6,"2":6,"3":6,"4":6,"5":6,"6":6,"7":6},"f":{},"b":{},"meta":{"lastBranch":0,"lastFunction":0,"lastStatement":8,"seen":{"s:8:0:11:Infinity":0,"s:12:0:15:Infinity":1,"s:17:0:20:Infinity":2,"s:21:0:24:Infinity":3,"s:26:0:29:Infinity":4,"s:30:0:33:Infinity":5,"s:35:0:38:Infinity":6,"s:40:0:43:Infinity":7}}}
,"/Users/lesego.rabanye/Documents/capture-app-backend/src/models/question.ts": {"path":"/Users/lesego.rabanye/Documents/capture-app-backend/src/models/question.ts","statementMap":{"0":{"start":{"line":22,"column":0},"end":{"line":47,"column":null}}},"fnMap":{},"branchMap":{},"s":{"0":6},"f":{},"b":{},"meta":{"lastBranch":0,"lastFunction":0,"lastStatement":1,"seen":{"s:22:0:47:Infinity":0}}}
,"/Users/lesego.rabanye/Documents/capture-app-backend/src/models/review.ts": {"path":"/Users/lesego.rabanye/Documents/capture-app-backend/src/models/review.ts","statementMap":{"0":{"start":{"line":24,"column":0},"end":{"line":53,"column":null}}},"fnMap":{},"branchMap":{},"s":{"0":6},"f":{},"b":{},"meta":{"lastBranch":0,"lastFunction":0,"lastStatement":1,"seen":{"s:24:0:53:Infinity":0}}}
,"/Users/lesego.rabanye/Documents/capture-app-backend/src/models/teammate.ts": {"path":"/Users/lesego.rabanye/Documents/capture-app-backend/src/models/teammate.ts","statementMap":{"0":{"start":{"line":20,"column":0},"end":{"line":37,"column":null}}},"fnMap":{},"branchMap":{},"s":{"0":6},"f":{},"b":{},"meta":{"lastBranch":0,"lastFunction":0,"lastStatement":1,"seen":{"s:20:0:37:Infinity":0}}}
,"/Users/lesego.rabanye/Documents/capture-app-backend/src/routes/feedbackRoutes.ts": {"path":"/Users/lesego.rabanye/Documents/capture-app-backend/src/routes/feedbackRoutes.ts","statementMap":{"0":{"start":{"line":7,"column":15},"end":{"line":7,"column":null}},"1":{"start":{"line":10,"column":0},"end":{"line":14,"column":null}},"2":{"start":{"line":17,"column":0},"end":{"line":22,"column":null}},"3":{"start":{"line":25,"column":0},"end":{"line":30,"column":null}},"4":{"start":{"line":33,"column":0},"end":{"line":37,"column":null}}},"fnMap":{},"branchMap":{},"s":{"0":2,"1":2,"2":2,"3":2,"4":2},"f":{},"b":{},"meta":{"lastBranch":0,"lastFunction":0,"lastStatement":5,"seen":{"s:7:15:7:Infinity":0,"s:10:0:14:Infinity":1,"s:17:0:22:Infinity":2,"s:25:0:30:Infinity":3,"s:33:0:37:Infinity":4}}}
,"/Users/lesego.rabanye/Documents/capture-app-backend/src/routes/teammateRoutes.ts": {"path":"/Users/lesego.rabanye/Documents/capture-app-backend/src/routes/teammateRoutes.ts","statementMap":{"0":{"start":{"line":7,"column":15},"end":{"line":7,"column":null}},"1":{"start":{"line":10,"column":0},"end":{"line":15,"column":null}},"2":{"start":{"line":18,"column":0},"end":{"line":22,"column":null}}},"fnMap":{},"branchMap":{},"s":{"0":2,"1":2,"2":2},"f":{},"b":{},"meta":{"lastBranch":0,"lastFunction":0,"lastStatement":3,"seen":{"s:7:15:7:Infinity":0,"s:10:0:15:Infinity":1,"s:18:0:22:Infinity":2}}}
,"/Users/lesego.rabanye/Documents/capture-app-backend/src/validators/schemas.ts": {"path":"/Users/lesego.rabanye/Documents/capture-app-backend/src/validators/schemas.ts","statementMap":{"0":{"start":{"line":4,"column":36},"end":{"line":8,"column":null}},"1":{"start":{"line":11,"column":36},"end":{"line":26,"column":null}},"2":{"start":{"line":29,"column":38},"end":{"line":31,"column":null}}},"fnMap":{},"branchMap":{},"s":{"0":2,"1":2,"2":2},"f":{},"b":{},"meta":{"lastBranch":0,"lastFunction":0,"lastStatement":3,"seen":{"s:4:36:8:Infinity":0,"s:11:36:26:Infinity":1,"s:29:38:31:Infinity":2}}}
}
