{"C:\\Users\\nigel.gavin\\Desktop\\Work\\CaptureApp\\capture-app-backend\\src\\app.js": {"path":"C:\\Users\\nigel.gavin\\Desktop\\Work\\CaptureApp\\capture-app-backend\\src\\app.js","statementMap":{"0":{"start":{"line":8,"column":0},"end":{"line":8,"column":16}},"1":{"start":{"line":10,"column":12},"end":{"line":10,"column":21}},"2":{"start":{"line":12,"column":0},"end":{"line":12,"column":12}},"3":{"start":{"line":14,"column":0},"end":{"line":14,"column":18}},"4":{"start":{"line":15,"column":0},"end":{"line":20,"column":2}},"5":{"start":{"line":22,"column":0},"end":{"line":22,"column":24}},"6":{"start":{"line":23,"column":0},"end":{"line":23,"column":42}}},"fnMap":{},"branchMap":{},"s":{"0":1,"1":1,"2":1,"3":1,"4":1,"5":1,"6":1},"f":{},"b":{},"inputSourceMap":null,"_coverageSchema":"1a1c01bbd47fc00a2c39e90264f33305004495a9","hash":"4e9ef874fbeae9a368a4afb8f5e9941d9197318c"}
,"C:\\Users\\nigel.gavin\\Desktop\\Work\\CaptureApp\\capture-app-backend\\src\\config\\database.js": {"path":"C:\\Users\\nigel.gavin\\Desktop\\Work\\CaptureApp\\capture-app-backend\\src\\config\\database.js","statementMap":{"0":{"start":{"line":4,"column":0},"end":{"line":4,"column":16}},"1":{"start":{"line":6,"column":25},"end":{"line":16,"column":1}},"2":{"start":{"line":18,"column":25},"end":{"line":28,"column":1}},"3":{"start":{"line":19,"column":2},"end":{"line":27,"column":3}},"4":{"start":{"line":20,"column":4},"end":{"line":20,"column":35}},"5":{"start":{"line":21,"column":4},"end":{"line":21,"column":74}},"6":{"start":{"line":22,"column":4},"end":{"line":22,"column":42}},"7":{"start":{"line":23,"column":4},"end":{"line":23,"column":62}},"8":{"start":{"line":25,"column":4},"end":{"line":25,"column":63}},"9":{"start":{"line":26,"column":4},"end":{"line":26,"column":20}}},"fnMap":{"0":{"name":"(anonymous_0)","decl":{"start":{"line":18,"column":25},"end":{"line":18,"column":26}},"loc":{"start":{"line":18,"column":37},"end":{"line":28,"column":1}},"line":18}},"branchMap":{"0":{"loc":{"start":{"line":12,"column":10},"end":{"line":12,"column":37}},"type":"binary-expr","locations":[{"start":{"line":12,"column":10},"end":{"line":12,"column":29}},{"start":{"line":12,"column":33},"end":{"line":12,"column":37}}],"line":12},"1":{"loc":{"start":{"line":14,"column":13},"end":{"line":14,"column":73}},"type":"cond-expr","locations":[{"start":{"line":14,"column":54},"end":{"line":14,"column":65}},{"start":{"line":14,"column":68},"end":{"line":14,"column":73}}],"line":14}},"s":{"0":1,"1":1,"2":1,"3":1,"4":1,"5":1,"6":1,"7":1,"8":0,"9":0},"f":{"0":1},"b":{"0":[1,0],"1":[0,1]},"inputSourceMap":null,"_coverageSchema":"1a1c01bbd47fc00a2c39e90264f33305004495a9","hash":"cf0d539d5c89ec6928202f1878fcf829af68d2ee"}
,"C:\\Users\\nigel.gavin\\Desktop\\Work\\CaptureApp\\capture-app-backend\\src\\controllers\\teammateController.js": {"path":"C:\\Users\\nigel.gavin\\Desktop\\Work\\CaptureApp\\capture-app-backend\\src\\controllers\\teammateController.js","statementMap":{"0":{"start":{"line":4,"column":23},"end":{"line":22,"column":1}},"1":{"start":{"line":5,"column":2},"end":{"line":21,"column":3}},"2":{"start":{"line":6,"column":21},"end":{"line":6,"column":29}},"3":{"start":{"line":8,"column":17},"end":{"line":10,"column":6}},"4":{"start":{"line":12,"column":4},"end":{"line":15,"column":7}},"5":{"start":{"line":17,"column":4},"end":{"line":20,"column":7}},"6":{"start":{"line":25,"column":24},"end":{"line":40,"column":1}},"7":{"start":{"line":26,"column":2},"end":{"line":39,"column":3}},"8":{"start":{"line":27,"column":22},"end":{"line":27,"column":46}},"9":{"start":{"line":29,"column":4},"end":{"line":33,"column":7}},"10":{"start":{"line":35,"column":4},"end":{"line":38,"column":7}}},"fnMap":{"0":{"name":"(anonymous_0)","decl":{"start":{"line":4,"column":23},"end":{"line":4,"column":24}},"loc":{"start":{"line":4,"column":43},"end":{"line":22,"column":1}},"line":4},"1":{"name":"(anonymous_1)","decl":{"start":{"line":25,"column":24},"end":{"line":25,"column":25}},"loc":{"start":{"line":25,"column":44},"end":{"line":40,"column":1}},"line":25}},"branchMap":{},"s":{"0":1,"1":3,"2":3,"3":3,"4":1,"5":2,"6":1,"7":2,"8":2,"9":2,"10":0},"f":{"0":3,"1":2},"b":{},"inputSourceMap":null,"_coverageSchema":"1a1c01bbd47fc00a2c39e90264f33305004495a9","hash":"fa31b4d0f58a4121b7a7861f098ae739833161f1"}
,"C:\\Users\\nigel.gavin\\Desktop\\Work\\CaptureApp\\capture-app-backend\\src\\middleware\\cors.js": {"path":"C:\\Users\\nigel.gavin\\Desktop\\Work\\CaptureApp\\capture-app-backend\\src\\middleware\\cors.js","statementMap":{"0":{"start":{"line":1,"column":13},"end":{"line":41,"column":1}},"1":{"start":{"line":2,"column":2},"end":{"line":40,"column":4}},"2":{"start":{"line":3,"column":19},"end":{"line":3,"column":37}},"3":{"start":{"line":6,"column":22},"end":{"line":6,"column":61}},"4":{"start":{"line":9,"column":4},"end":{"line":25,"column":5}},"5":{"start":{"line":10,"column":6},"end":{"line":10,"column":59}},"6":{"start":{"line":11,"column":6},"end":{"line":11,"column":64}},"7":{"start":{"line":12,"column":6},"end":{"line":15,"column":8}},"8":{"start":{"line":16,"column":6},"end":{"line":19,"column":8}},"9":{"start":{"line":20,"column":6},"end":{"line":20,"column":38}},"10":{"start":{"line":21,"column":11},"end":{"line":25,"column":5}},"11":{"start":{"line":23,"column":6},"end":{"line":23,"column":68}},"12":{"start":{"line":24,"column":6},"end":{"line":24,"column":38}},"13":{"start":{"line":28,"column":4},"end":{"line":37,"column":5}},"14":{"start":{"line":29,"column":6},"end":{"line":36,"column":7}},"15":{"start":{"line":30,"column":8},"end":{"line":30,"column":30}},"16":{"start":{"line":31,"column":8},"end":{"line":31,"column":15}},"17":{"start":{"line":34,"column":8},"end":{"line":34,"column":75}},"18":{"start":{"line":35,"column":8},"end":{"line":35,"column":15}},"19":{"start":{"line":39,"column":4},"end":{"line":39,"column":11}}},"fnMap":{"0":{"name":"(anonymous_0)","decl":{"start":{"line":1,"column":13},"end":{"line":1,"column":14}},"loc":{"start":{"line":1,"column":36},"end":{"line":41,"column":1}},"line":1},"1":{"name":"(anonymous_1)","decl":{"start":{"line":2,"column":9},"end":{"line":2,"column":10}},"loc":{"start":{"line":2,"column":29},"end":{"line":40,"column":3}},"line":2}},"branchMap":{"0":{"loc":{"start":{"line":1,"column":14},"end":{"line":1,"column":31}},"type":"default-arg","locations":[{"start":{"line":1,"column":29},"end":{"line":1,"column":31}}],"line":1},"1":{"loc":{"start":{"line":6,"column":22},"end":{"line":6,"column":61}},"type":"binary-expr","locations":[{"start":{"line":6,"column":22},"end":{"line":6,"column":28}},{"start":{"line":6,"column":32},"end":{"line":6,"column":61}}],"line":6},"2":{"loc":{"start":{"line":9,"column":4},"end":{"line":25,"column":5}},"type":"if","locations":[{"start":{"line":9,"column":4},"end":{"line":25,"column":5}},{"start":{"line":21,"column":11},"end":{"line":25,"column":5}}],"line":9},"3":{"loc":{"start":{"line":21,"column":11},"end":{"line":25,"column":5}},"type":"if","locations":[{"start":{"line":21,"column":11},"end":{"line":25,"column":5}},{"start":{},"end":{}}],"line":21},"4":{"loc":{"start":{"line":28,"column":4},"end":{"line":37,"column":5}},"type":"if","locations":[{"start":{"line":28,"column":4},"end":{"line":37,"column":5}},{"start":{},"end":{}}],"line":28},"5":{"loc":{"start":{"line":29,"column":6},"end":{"line":36,"column":7}},"type":"if","locations":[{"start":{"line":29,"column":6},"end":{"line":36,"column":7}},{"start":{"line":32,"column":13},"end":{"line":36,"column":7}}],"line":29}},"s":{"0":1,"1":1,"2":5,"3":5,"4":5,"5":0,"6":0,"7":0,"8":0,"9":0,"10":5,"11":0,"12":0,"13":5,"14":0,"15":0,"16":0,"17":0,"18":0,"19":5},"f":{"0":1,"1":5},"b":{"0":[0],"1":[5,0],"2":[0,5],"3":[0,5],"4":[0,5],"5":[0,0]},"inputSourceMap":null,"_coverageSchema":"1a1c01bbd47fc00a2c39e90264f33305004495a9","hash":"abec30b16fab4cc87716e38f8d2e3169701f4a4f"}
,"C:\\Users\\nigel.gavin\\Desktop\\Work\\CaptureApp\\capture-app-backend\\src\\models\\teammate.js": {"path":"C:\\Users\\nigel.gavin\\Desktop\\Work\\CaptureApp\\capture-app-backend\\src\\models\\teammate.js","statementMap":{"0":{"start":{"line":4,"column":17},"end":{"line":21,"column":1}}},"fnMap":{},"branchMap":{},"s":{"0":1},"f":{},"b":{},"inputSourceMap":null,"_coverageSchema":"1a1c01bbd47fc00a2c39e90264f33305004495a9","hash":"e8efd9578b7b0bbecc7465ab7b90f3bc213a0d45"}
,"C:\\Users\\nigel.gavin\\Desktop\\Work\\CaptureApp\\capture-app-backend\\src\\routes\\teammateRoutes.js": {"path":"C:\\Users\\nigel.gavin\\Desktop\\Work\\CaptureApp\\capture-app-backend\\src\\routes\\teammateRoutes.js","statementMap":{"0":{"start":{"line":4,"column":15},"end":{"line":4,"column":31}},"1":{"start":{"line":7,"column":0},"end":{"line":7,"column":52}},"2":{"start":{"line":10,"column":0},"end":{"line":10,"column":52}}},"fnMap":{},"branchMap":{},"s":{"0":1,"1":1,"2":1},"f":{},"b":{},"inputSourceMap":null,"_coverageSchema":"1a1c01bbd47fc00a2c39e90264f33305004495a9","hash":"d5c8bddc607a1289379b763bdfb3ae06391b942b"}
}
