TN:
SF:src\app.js
FNF:0
FNH:0
DA:8,1
DA:10,1
DA:12,1
DA:14,1
DA:15,1
DA:22,1
DA:23,1
LF:7
LH:7
BRF:0
BRH:0
end_of_record
TN:
SF:src\config\database.js
FN:18,(anonymous_0)
FNF:1
FNH:1
FNDA:1,(anonymous_0)
DA:4,1
DA:6,1
DA:18,1
DA:19,1
DA:20,1
DA:21,1
DA:22,1
DA:23,1
DA:25,0
DA:26,0
LF:10
LH:8
BRDA:12,0,0,1
BRDA:12,0,1,0
BRDA:14,1,0,0
BRDA:14,1,1,1
BRF:4
BRH:2
end_of_record
TN:
SF:src\controllers\teammateController.js
FN:4,(anonymous_0)
FN:25,(anonymous_1)
FNF:2
FNH:2
FNDA:3,(anonymous_0)
FNDA:2,(anonymous_1)
DA:4,1
DA:5,3
DA:6,3
DA:8,3
DA:12,1
DA:17,2
DA:25,1
DA:26,2
DA:27,2
DA:29,2
DA:35,0
LF:11
LH:10
BRF:0
BRH:0
end_of_record
TN:
SF:src\middleware\cors.js
FN:1,(anonymous_0)
FN:2,(anonymous_1)
FNF:2
FNH:2
FNDA:1,(anonymous_0)
FNDA:5,(anonymous_1)
DA:1,1
DA:2,1
DA:3,5
DA:6,5
DA:9,5
DA:10,0
DA:11,0
DA:12,0
DA:16,0
DA:20,0
DA:21,5
DA:23,0
DA:24,0
DA:28,5
DA:29,0
DA:30,0
DA:31,0
DA:34,0
DA:35,0
DA:39,5
LF:20
LH:8
BRDA:1,0,0,0
BRDA:6,1,0,5
BRDA:6,1,1,0
BRDA:9,2,0,0
BRDA:9,2,1,5
BRDA:21,3,0,0
BRDA:21,3,1,5
BRDA:28,4,0,0
BRDA:28,4,1,5
BRDA:29,5,0,0
BRDA:29,5,1,0
BRF:11
BRH:4
end_of_record
TN:
SF:src\models\teammate.js
FNF:0
FNH:0
DA:4,1
LF:1
LH:1
BRF:0
BRH:0
end_of_record
TN:
SF:src\routes\teammateRoutes.js
FNF:0
FNH:0
DA:4,1
DA:7,1
DA:10,1
LF:3
LH:3
BRF:0
BRH:0
end_of_record
